2021-08-29 15:09:16.713  INFO 29545 --- [main] com.itranswarp.learnjava.Application     : Starting Application on YudeMacBook-Pro.local with PID 29545 (/Users/yuhuang/turbo-house/target/classes started by yuhuang in /Users/yuhuang/turbo-house)
2021-08-29 15:09:16.715  INFO 29545 --- [main] com.itranswarp.learnjava.Application     : No active profile set, falling back to default profiles: default
2021-08-29 15:09:17.447  INFO 29545 --- [main] o.s.b.w.embedded.tomcat.TomcatWebServer  : Tomcat initialized with port(s): 8080 (http)
2021-08-29 15:09:17.456  INFO 29545 --- [main] o.apache.catalina.core.StandardService   : Starting service [Tomcat]
2021-08-29 15:09:17.457  INFO 29545 --- [main] org.apache.catalina.core.StandardEngine  : Starting Servlet engine: [Apache Tomcat/9.0.35]
2021-08-29 15:09:17.546  INFO 29545 --- [main] o.a.c.c.C.[Tomcat].[localhost].[/]       : Initializing Spring embedded WebApplicationContext
2021-08-29 15:09:17.547  INFO 29545 --- [main] o.s.web.context.ContextLoader            : Root WebApplicationContext: initialization completed in 799 ms
2021-08-29 15:09:17.637  WARN 29545 --- [main] com.zaxxer.hikari.HikariConfig           : HikariPool-1 - idleTimeout is close to or more than maxLifetime, disabling it.
2021-08-29 15:09:17.638  INFO 29545 --- [main] com.zaxxer.hikari.HikariDataSource       : HikariPool-1 - Starting...
2021-08-29 15:09:17.841  INFO 29545 --- [main] hsqldb.db.HSQLDB7B93F5B20B.ENGINE        : Checkpoint start
2021-08-29 15:09:17.841  INFO 29545 --- [main] hsqldb.db.HSQLDB7B93F5B20B.ENGINE        : checkpointClose start
2021-08-29 15:09:17.841  INFO 29545 --- [main] hsqldb.db.HSQLDB7B93F5B20B.ENGINE        : checkpointClose synched
2021-08-29 15:09:17.845  INFO 29545 --- [main] hsqldb.db.HSQLDB7B93F5B20B.ENGINE        : checkpointClose script done
2021-08-29 15:09:17.849  INFO 29545 --- [main] hsqldb.db.HSQLDB7B93F5B20B.ENGINE        : checkpointClose end
2021-08-29 15:09:17.850  INFO 29545 --- [main] hsqldb.db.HSQLDB7B93F5B20B.ENGINE        : Checkpoint end - txts: 1
2021-08-29 15:09:17.857  INFO 29545 --- [main] com.zaxxer.hikari.pool.PoolBase          : HikariPool-1 - Driver does not support get/set network timeout for connections. (feature not supported)
2021-08-29 15:09:17.859  INFO 29545 --- [main] com.zaxxer.hikari.HikariDataSource       : HikariPool-1 - Start completed.
2021-08-29 15:09:17.969  INFO 29545 --- [main] o.s.s.concurrent.ThreadPoolTaskExecutor  : Initializing ExecutorService 'applicationTaskExecutor'
2021-08-29 15:09:18.156  INFO 29545 --- [main] o.s.b.w.embedded.tomcat.TomcatWebServer  : Tomcat started on port(s): 8080 (http) with context path ''
2021-08-29 15:09:18.164  INFO 29545 --- [main] com.itranswarp.learnjava.Application     : Started Application in 1.984 seconds (JVM running for 2.222)
2021-08-29 15:09:25.905  INFO 29545 --- [http-nio-8080-exec-1] o.a.c.c.C.[Tomcat].[localhost].[/]       : Initializing Spring DispatcherServlet 'dispatcherServlet'
2021-08-29 15:09:25.906  INFO 29545 --- [http-nio-8080-exec-1] o.s.web.servlet.DispatcherServlet        : Initializing Servlet 'dispatcherServlet'
2021-08-29 15:09:25.913  INFO 29545 --- [http-nio-8080-exec-1] o.s.web.servlet.DispatcherServlet        : Completed initialization in 7 ms
